{"/home/louicoder/Desktop/pamoja/App.js": {"path":"/home/louicoder/Desktop/pamoja/App.js","statementMap":{"0":{"start":{"line":6,"column":4},"end":{"line":6,"column":28}}},"fnMap":{"0":{"name":"(anonymous_0)","decl":{"start":{"line":5,"column":2},"end":{"line":5,"column":3}},"loc":{"start":{"line":5,"column":11},"end":{"line":7,"column":3}},"line":5}},"branchMap":{},"s":{"0":1},"f":{"0":1},"b":{},"_coverageSchema":"43e27e138ebf9cfc5966b082cf9a028302ed4184","hash":"5e0264e84e8fc9b0565b82e6f770ced992b6a1b3"}
,"/home/louicoder/Desktop/pamoja/assets/pamojaCreditCard.png": {"path":"/home/louicoder/Desktop/pamoja/assets/pamojaCreditCard.png","statementMap":{"0":{"start":{"line":1,"column":0},"end":{"line":4,"column":6}}},"fnMap":{},"branchMap":{},"s":{"0":1},"f":{},"b":{},"_coverageSchema":"43e27e138ebf9cfc5966b082cf9a028302ed4184","hash":"26e82ded56e7f54238c297393ed85788ed50c635"}
,"/home/louicoder/Desktop/pamoja/assets/pamojaCreditLoans.png": {"path":"/home/louicoder/Desktop/pamoja/assets/pamojaCreditLoans.png","statementMap":{"0":{"start":{"line":1,"column":0},"end":{"line":4,"column":6}}},"fnMap":{},"branchMap":{},"s":{"0":1},"f":{},"b":{},"_coverageSchema":"43e27e138ebf9cfc5966b082cf9a028302ed4184","hash":"0bb04a84c6a7ad5418ef56c94610ac1eaa7c575f"}
,"/home/louicoder/Desktop/pamoja/assets/pamojaCreditSavings.png": {"path":"/home/louicoder/Desktop/pamoja/assets/pamojaCreditSavings.png","statementMap":{"0":{"start":{"line":1,"column":0},"end":{"line":4,"column":6}}},"fnMap":{},"branchMap":{},"s":{"0":1},"f":{},"b":{},"_coverageSchema":"43e27e138ebf9cfc5966b082cf9a028302ed4184","hash":"dc979a986408693c8544750b2f96cf4380007c7a"}
,"/home/louicoder/Desktop/pamoja/assets/pamojaCreditTransactions.png": {"path":"/home/louicoder/Desktop/pamoja/assets/pamojaCreditTransactions.png","statementMap":{"0":{"start":{"line":1,"column":0},"end":{"line":4,"column":6}}},"fnMap":{},"branchMap":{},"s":{"0":1},"f":{},"b":{},"_coverageSchema":"43e27e138ebf9cfc5966b082cf9a028302ed4184","hash":"7c54f6f87735d476d4801a683622d34e1fe12c9f"}
,"/home/louicoder/Desktop/pamoja/src/screens/GuideScreens/GuideScreensStyles.js": {"path":"/home/louicoder/Desktop/pamoja/src/screens/GuideScreens/GuideScreensStyles.js","statementMap":{"0":{"start":{"line":3,"column":18},"end":{"line":3,"column":42}}},"fnMap":{},"branchMap":{},"s":{"0":1},"f":{},"b":{},"_coverageSchema":"43e27e138ebf9cfc5966b082cf9a028302ed4184","hash":"1874feee916996a33b820b6e8ba6094484e629b0"}
,"/home/louicoder/Desktop/pamoja/src/screens/GuideScreens/config.js": {"path":"/home/louicoder/Desktop/pamoja/src/screens/GuideScreens/config.js","statementMap":{},"fnMap":{},"branchMap":{},"s":{},"f":{},"b":{},"_coverageSchema":"43e27e138ebf9cfc5966b082cf9a028302ed4184","hash":"2dcda034f671e82e3935d7131fa51c7b6cddbc0b"}
,"/home/louicoder/Desktop/pamoja/src/screens/GuideScreens/index.js": {"path":"/home/louicoder/Desktop/pamoja/src/screens/GuideScreens/index.js","statementMap":{"0":{"start":{"line":14,"column":18},"end":{"line":14,"column":42}},"1":{"start":{"line":17,"column":10},"end":{"line":19,"column":3}},"2":{"start":{"line":21,"column":17},"end":{"line":44,"column":3}},"3":{"start":{"line":22,"column":23},"end":{"line":22,"column":68}},"4":{"start":{"line":24,"column":4},"end":{"line":28,"column":5}},"5":{"start":{"line":25,"column":6},"end":{"line":27,"column":9}},"6":{"start":{"line":29,"column":4},"end":{"line":33,"column":5}},"7":{"start":{"line":30,"column":6},"end":{"line":32,"column":9}},"8":{"start":{"line":34,"column":4},"end":{"line":38,"column":5}},"9":{"start":{"line":35,"column":6},"end":{"line":37,"column":9}},"10":{"start":{"line":39,"column":4},"end":{"line":43,"column":5}},"11":{"start":{"line":40,"column":6},"end":{"line":42,"column":9}},"12":{"start":{"line":46,"column":16},"end":{"line":49,"column":3}},"13":{"start":{"line":47,"column":27},"end":{"line":47,"column":37}},"14":{"start":{"line":48,"column":4},"end":{"line":48,"column":34}},"15":{"start":{"line":52,"column":23},"end":{"line":52,"column":33}},"16":{"start":{"line":54,"column":4},"end":{"line":97,"column":6}},"17":{"start":{"line":65,"column":12},"end":{"line":75,"column":19}},"18":{"start":{"line":82,"column":14},"end":{"line":89,"column":16}}},"fnMap":{"0":{"name":"(anonymous_0)","decl":{"start":{"line":21,"column":17},"end":{"line":21,"column":18}},"loc":{"start":{"line":21,"column":28},"end":{"line":44,"column":3}},"line":21},"1":{"name":"(anonymous_1)","decl":{"start":{"line":46,"column":16},"end":{"line":46,"column":17}},"loc":{"start":{"line":46,"column":22},"end":{"line":49,"column":3}},"line":46},"2":{"name":"(anonymous_2)","decl":{"start":{"line":51,"column":2},"end":{"line":51,"column":3}},"loc":{"start":{"line":51,"column":11},"end":{"line":98,"column":3}},"line":51},"3":{"name":"(anonymous_3)","decl":{"start":{"line":64,"column":22},"end":{"line":64,"column":23}},"loc":{"start":{"line":65,"column":12},"end":{"line":75,"column":19}},"line":65},"4":{"name":"(anonymous_4)","decl":{"start":{"line":81,"column":24},"end":{"line":81,"column":25}},"loc":{"start":{"line":82,"column":14},"end":{"line":89,"column":16}},"line":82}},"branchMap":{"0":{"loc":{"start":{"line":24,"column":4},"end":{"line":28,"column":5}},"type":"if","locations":[{"start":{"line":24,"column":4},"end":{"line":28,"column":5}},{"start":{"line":24,"column":4},"end":{"line":28,"column":5}}],"line":24},"1":{"loc":{"start":{"line":29,"column":4},"end":{"line":33,"column":5}},"type":"if","locations":[{"start":{"line":29,"column":4},"end":{"line":33,"column":5}},{"start":{"line":29,"column":4},"end":{"line":33,"column":5}}],"line":29},"2":{"loc":{"start":{"line":34,"column":4},"end":{"line":38,"column":5}},"type":"if","locations":[{"start":{"line":34,"column":4},"end":{"line":38,"column":5}},{"start":{"line":34,"column":4},"end":{"line":38,"column":5}}],"line":34},"3":{"loc":{"start":{"line":39,"column":4},"end":{"line":43,"column":5}},"type":"if","locations":[{"start":{"line":39,"column":4},"end":{"line":43,"column":5}},{"start":{"line":39,"column":4},"end":{"line":43,"column":5}}],"line":39},"4":{"loc":{"start":{"line":85,"column":20},"end":{"line":87,"column":50}},"type":"cond-expr","locations":[{"start":{"line":86,"column":24},"end":{"line":86,"column":67}},{"start":{"line":87,"column":24},"end":{"line":87,"column":50}}],"line":85}},"s":{"0":1,"1":1,"2":1,"3":0,"4":0,"5":0,"6":0,"7":0,"8":0,"9":0,"10":0,"11":0,"12":1,"13":0,"14":0,"15":1,"16":1,"17":4,"18":4},"f":{"0":0,"1":0,"2":1,"3":4,"4":4},"b":{"0":[0,0],"1":[0,0],"2":[0,0],"3":[0,0],"4":[1,3]},"_coverageSchema":"43e27e138ebf9cfc5966b082cf9a028302ed4184","hash":"a886790678c277f8a082cc391311f8b36e46874d"}
}
