TN:
SF:/home/louicoder/Desktop/pamoja/App.js
FN:5,(anonymous_0)
FNF:1
FNH:1
FNDA:1,(anonymous_0)
DA:6,1
LF:1
LH:1
BRF:0
BRH:0
end_of_record
TN:
SF:/home/louicoder/Desktop/pamoja/assets/pamojaCreditCard.png
FNF:0
FNH:0
DA:1,1
LF:1
LH:1
BRF:0
BRH:0
end_of_record
TN:
SF:/home/louicoder/Desktop/pamoja/assets/pamojaCreditLoans.png
FNF:0
FNH:0
DA:1,1
LF:1
LH:1
BRF:0
BRH:0
end_of_record
TN:
SF:/home/louicoder/Desktop/pamoja/assets/pamojaCreditSavings.png
FNF:0
FNH:0
DA:1,1
LF:1
LH:1
BRF:0
BRH:0
end_of_record
TN:
SF:/home/louicoder/Desktop/pamoja/assets/pamojaCreditTransactions.png
FNF:0
FNH:0
DA:1,1
LF:1
LH:1
BRF:0
BRH:0
end_of_record
TN:
SF:/home/louicoder/Desktop/pamoja/src/screens/GuideScreens/GuideScreensStyles.js
FNF:0
FNH:0
DA:3,1
LF:1
LH:1
BRF:0
BRH:0
end_of_record
TN:
SF:/home/louicoder/Desktop/pamoja/src/screens/GuideScreens/config.js
FNF:0
FNH:0
LF:0
LH:0
BRF:0
BRH:0
end_of_record
TN:
SF:/home/louicoder/Desktop/pamoja/src/screens/GuideScreens/index.js
FN:21,(anonymous_0)
FN:46,(anonymous_1)
FN:51,(anonymous_2)
FN:64,(anonymous_3)
FN:81,(anonymous_4)
FNF:5
FNH:3
FNDA:0,(anonymous_0)
FNDA:0,(anonymous_1)
FNDA:1,(anonymous_2)
FNDA:4,(anonymous_3)
FNDA:4,(anonymous_4)
DA:14,1
DA:17,1
DA:21,1
DA:22,0
DA:24,0
DA:25,0
DA:29,0
DA:30,0
DA:34,0
DA:35,0
DA:39,0
DA:40,0
DA:46,1
DA:47,0
DA:48,0
DA:52,1
DA:54,1
DA:65,4
DA:82,4
LF:19
LH:8
BRDA:24,0,0,0
BRDA:24,0,1,0
BRDA:29,1,0,0
BRDA:29,1,1,0
BRDA:34,2,0,0
BRDA:34,2,1,0
BRDA:39,3,0,0
BRDA:39,3,1,0
BRDA:85,4,0,1
BRDA:85,4,1,3
BRF:10
BRH:2
end_of_record
